# JRE version: Java(TM) SE Runtime Environment (9.0+11) (build 9.0.4+11)
# Java VM: Java HotSpot(TM) 64-Bit Server VM (9.0.4+11, mixed mode, tiered, compressed oops, g1 gc, windows-amd64)
Heap:
 garbage-first heap   total 467968K, used 183125K [0x0000000700000000, 0x0000000700100e48, 0x00000007c0000000)
  region size 1024K, 43 young (44032K), 0 survivors (0K)
 Metaspace       used 86180K, capacity 87817K, committed 92876K, reserved 1130496K
  class space    used 11141K, capacity 11483K, committed 12544K, reserved 1048576K
GC Heap History (10 events):
Event: 15175.907 GC heap before
{Heap before GC invocations=660 (full 11):
 garbage-first heap   total 722944K, used 272354K [0x0000000700000000, 0x0000000700101610, 0x00000007c0000000)
  region size 1024K, 60 young (61440K), 4 survivors (4096K)
 Metaspace       used 86285K, capacity 88087K, committed 92620K, reserved 1130496K
  class space    used 11171K, capacity 11548K, committed 12544K, reserved 1048576K
}
Event: 15175.910 GC heap after
{Heap after GC invocations=661 (full 11):
 garbage-first heap   total 722944K, used 215018K [0x0000000700000000, 0x0000000700101610, 0x00000007c0000000)
  region size 1024K, 4 young (4096K), 4 survivors (4096K)
 Metaspace       used 86285K, capacity 88087K, committed 92620K, reserved 1130496K
  class space    used 11171K, capacity 11548K, committed 12544K, reserved 1048576K
}
Event: 15244.665 GC heap before
{Heap before GC invocations=661 (full 11):
 garbage-first heap   total 722944K, used 272362K [0x0000000700000000, 0x0000000700101610, 0x00000007c0000000)
  region size 1024K, 60 young (61440K), 4 survivors (4096K)
 Metaspace       used 86286K, capacity 88087K, committed 92620K, reserved 1130496K
  class space    used 11171K, capacity 11548K, committed 12544K, reserved 1048576K
}
Event: 15244.669 GC heap after
{Heap after GC invocations=662 (full 11):
 garbage-first heap   total 722944K, used 215104K [0x0000000700000000, 0x0000000700101610, 0x00000007c0000000)
  region size 1024K, 5 young (5120K), 5 survivors (5120K)
 Metaspace       used 86286K, capacity 88087K, committed 92620K, reserved 1130496K
  class space    used 11171K, capacity 11548K, committed 12544K, reserved 1048576K
}
Event: 15325.829 GC heap before
{Heap before GC invocations=662 (full 11):
 garbage-first heap   total 722944K, used 271424K [0x0000000700000000, 0x0000000700101610, 0x00000007c0000000)
  region size 1024K, 60 young (61440K), 5 survivors (5120K)
 Metaspace       used 86286K, capacity 88087K, committed 92620K, reserved 1130496K
  class space    used 11171K, capacity 11548K, committed 12544K, reserved 1048576K
}
Event: 15325.835 GC heap after
{Heap after GC invocations=663 (full 11):
 garbage-first heap   total 722944K, used 215182K [0x0000000700000000, 0x0000000700101610, 0x00000007c0000000)
  region size 1024K, 5 young (5120K), 5 survivors (5120K)
 Metaspace       used 86286K, capacity 88087K, committed 92620K, reserved 1130496K
  class space    used 11171K, capacity 11548K, committed 12544K, reserved 1048576K
}
Event: 15376.569 GC heap before
{Heap before GC invocations=663 (full 11):
 garbage-first heap   total 722944K, used 271502K [0x0000000700000000, 0x0000000700101610, 0x00000007c0000000)
  region size 1024K, 60 young (61440K), 5 survivors (5120K)
 Metaspace       used 86287K, capacity 88087K, committed 92620K, reserved 1130496K
  class space    used 11171K, capacity 11548K, committed 12544K, reserved 1048576K
}
Event: 15376.572 GC heap after
{Heap after GC invocations=664 (full 11):
 garbage-first heap   total 722944K, used 215339K [0x0000000700000000, 0x0000000700101610, 0x00000007c0000000)
  region size 1024K, 5 young (5120K), 5 survivors (5120K)
 Metaspace       used 86287K, capacity 88087K, committed 92620K, reserved 1130496K
  class space    used 11171K, capacity 11548K, committed 12544K, reserved 1048576K
}
Event: 15432.464 GC heap before
{Heap before GC invocations=664 (full 11):
 garbage-first heap   total 722944K, used 267563K [0x0000000700000000, 0x0000000700101610, 0x00000007c0000000)
  region size 1024K, 57 young (58368K), 5 survivors (5120K)
 Metaspace       used 86287K, capacity 88087K, committed 92620K, reserved 1130496K
  class space    used 11171K, capacity 11548K, committed 12544K, reserved 1048576K
}
Event: 15432.841 GC heap after
{Heap after GC invocations=665 (full 12):
 garbage-first heap   total 467968K, used 140117K [0x0000000700000000, 0x0000000700100e48, 0x00000007c0000000)
  region size 1024K, 0 young (0K), 0 survivors (0K)
 Metaspace       used 86165K, capacity 87753K, committed 92620K, reserved 1130496K
  class space    used 11136K, capacity 11483K, committed 12544K, reserved 1048576K
}

